<?xml version="1.0" encoding="UTF-8"?>
<!-- Generated by org.testng.reporters.JUnitXMLReporter -->
<testsuite hostname="DESKTOP-K8ON8LO" ignored="2" name="banking app test" tests="2" failures="0" timestamp="2021-07-14T15:24:27 IST" time="31.038" errors="0">
  <testcase name="logintest" time="5.88" classname="com.inetbankingv3.TestCases.Tc_LoginTest_001"/>
  <testcase name="addcustomer" time="17.443" classname="com.inetbankingv3.TestCases.Tc_AddcCustomer_003"/>
  <testcase name="@AfterTest teardown" time="0.0" classname="com.inetbankingv3.TestCases.Baseclass">
    <ignored/>
  </testcase> <!-- @AfterTest teardown -->
  <testcase name="@BeforeTest setup" time="0.0" classname="com.inetbankingv3.TestCases.Baseclass">
    <ignored/>
  </testcase> <!-- @BeforeTest setup -->
</testsuite> <!-- banking app test -->
