<?xml version="1.0" encoding="UTF-8"?>
<testng-results skipped="0" failed="0" ignored="2" total="4" passed="2">
  <reporter-output>
  </reporter-output>
  <suite name="inetbanking" duration-ms="31038" started-at="2021-07-14T15:23:56 IST" finished-at="2021-07-14T15:24:27 IST">
    <groups>
    </groups>
    <test name="banking app test" duration-ms="31038" started-at="2021-07-14T15:23:56 IST" finished-at="2021-07-14T15:24:27 IST">
      <class name="com.inetbankingv3.TestCases.Tc_AddcCustomer_003">
        <test-method status="PASS" signature="addcustomer()[pri:0, instance:com.inetbankingv3.TestCases.Tc_AddcCustomer_003@1786dec2]" name="addcustomer" duration-ms="17443" started-at="2021-07-14T15:24:08 IST" finished-at="2021-07-14T15:24:26 IST">
          <reporter-output>
          </reporter-output>
        </test-method> <!-- addcustomer -->
      </class> <!-- com.inetbankingv3.TestCases.Tc_AddcCustomer_003 -->
      <class name="com.inetbankingv3.TestCases.Tc_LoginTest_001">
        <test-method status="PASS" signature="setup(java.lang.String)[pri:0, instance:com.inetbankingv3.TestCases.Tc_LoginTest_001@3b088d51]" name="setup" is-config="true" duration-ms="6501" started-at="2021-07-14T15:23:56 IST" finished-at="2021-07-14T15:24:02 IST">
          <params>
            <param index="0">
              <value>
                <![CDATA[chrome]]>
              </value>
            </param>
          </params>
          <reporter-output>
          </reporter-output>
        </test-method> <!-- setup -->
        <test-method status="PASS" signature="logintest()[pri:0, instance:com.inetbankingv3.TestCases.Tc_LoginTest_001@3b088d51]" name="logintest" duration-ms="5880" started-at="2021-07-14T15:24:02 IST" finished-at="2021-07-14T15:24:08 IST">
          <reporter-output>
          </reporter-output>
        </test-method> <!-- logintest -->
        <test-method status="PASS" signature="teardown()[pri:0, instance:com.inetbankingv3.TestCases.Tc_LoginTest_001@3b088d51]" name="teardown" is-config="true" duration-ms="1025" started-at="2021-07-14T15:24:26 IST" finished-at="2021-07-14T15:24:27 IST">
          <reporter-output>
          </reporter-output>
        </test-method> <!-- teardown -->
      </class> <!-- com.inetbankingv3.TestCases.Tc_LoginTest_001 -->
    </test> <!-- banking app test -->
  </suite> <!-- inetbanking -->
</testng-results>
