<?xml version="1.0" encoding="UTF-8"?>
<testng-results ignored="0" total="1" passed="1" failed="0" skipped="0">
  <reporter-output>
  </reporter-output>
  <suite started-at="2021-08-04T10:43:47 IST" name="inetbanking" finished-at="2021-08-04T10:43:57 IST" duration-ms="9842">
    <groups>
    </groups>
    <test started-at="2021-08-04T10:43:47 IST" name="banking app test" finished-at="2021-08-04T10:43:57 IST" duration-ms="9842">
      <class name="com.inetbankingv3.TestCases.Tc_CustamaizedStatementFeeldbox_008">
        <test-method is-config="true" signature="setup(java.lang.String)[pri:0, instance:com.inetbankingv3.TestCases.Tc_CustamaizedStatementFeeldbox_008@15eb5ee5]" started-at="2021-08-04T10:43:48 IST" name="setup" finished-at="2021-08-04T10:43:52 IST" duration-ms="4399" status="PASS">
          <params>
            <param index="0">
              <value>
                <![CDATA[chrome]]>
              </value>
            </param>
          </params>
          <reporter-output>
          </reporter-output>
        </test-method> <!-- setup -->
        <test-method signature="fealdbox()[pri:0, instance:com.inetbankingv3.TestCases.Tc_CustamaizedStatementFeeldbox_008@15eb5ee5]" started-at="2021-08-04T10:43:52 IST" name="fealdbox" finished-at="2021-08-04T10:43:57 IST" duration-ms="5177" status="PASS">
          <reporter-output>
          </reporter-output>
        </test-method> <!-- fealdbox -->
        <test-method is-config="true" signature="teardown()[pri:0, instance:com.inetbankingv3.TestCases.Tc_CustamaizedStatementFeeldbox_008@15eb5ee5]" started-at="2021-08-04T10:43:57 IST" name="teardown" finished-at="2021-08-04T10:43:57 IST" duration-ms="1" status="PASS">
          <reporter-output>
          </reporter-output>
        </test-method> <!-- teardown -->
      </class> <!-- com.inetbankingv3.TestCases.Tc_CustamaizedStatementFeeldbox_008 -->
    </test> <!-- banking app test -->
  </suite> <!-- inetbanking -->
</testng-results>
